mode: set
github.com/n4djib/go-rbac/rbac/rbac.go:9.47,10.22 1 1
github.com/n4djib/go-rbac/rbac/rbac.go:10.22,12.3 1 1
github.com/n4djib/go-rbac/rbac/rbac.go:13.2,13.23 1 1
github.com/n4djib/go-rbac/rbac/rbac.go:13.23,15.3 1 1
github.com/n4djib/go-rbac/rbac/rbac.go:16.2,16.36 1 1
github.com/n4djib/go-rbac/rbac/rbac.go:19.48,20.26 1 1
github.com/n4djib/go-rbac/rbac/rbac.go:20.26,22.3 1 1
github.com/n4djib/go-rbac/rbac/rbac.go:23.2,23.32 1 1
github.com/n4djib/go-rbac/rbac/rbac.go:23.32,25.3 1 1
github.com/n4djib/go-rbac/rbac/rbac.go:26.2,26.36 1 1
github.com/n4djib/go-rbac/rbac/rbac.go:26.36,28.3 1 1
github.com/n4djib/go-rbac/rbac/rbac.go:30.2,31.16 2 1
github.com/n4djib/go-rbac/rbac/rbac.go:31.16,33.3 1 1
github.com/n4djib/go-rbac/rbac/rbac.go:35.2,36.16 2 1
github.com/n4djib/go-rbac/rbac/rbac.go:36.16,38.3 1 1
github.com/n4djib/go-rbac/rbac/rbac.go:40.2,41.16 2 1
github.com/n4djib/go-rbac/rbac/rbac.go:41.16,43.3 1 1
github.com/n4djib/go-rbac/rbac/rbac.go:45.2,46.16 2 1
github.com/n4djib/go-rbac/rbac/rbac.go:46.16,48.3 1 1
github.com/n4djib/go-rbac/rbac/rbac.go:50.2,51.16 2 1
github.com/n4djib/go-rbac/rbac/rbac.go:51.16,53.3 1 1
github.com/n4djib/go-rbac/rbac/rbac.go:56.2,58.12 2 1
github.com/n4djib/go-rbac/rbac/rbac.go:61.48,64.29 3 1
github.com/n4djib/go-rbac/rbac/rbac.go:64.29,66.63 1 1
github.com/n4djib/go-rbac/rbac/rbac.go:66.63,68.4 1 1
github.com/n4djib/go-rbac/rbac/rbac.go:69.3,69.22 1 1
github.com/n4djib/go-rbac/rbac/rbac.go:69.22,71.4 1 1
github.com/n4djib/go-rbac/rbac/rbac.go:72.3,76.43 2 1
github.com/n4djib/go-rbac/rbac/rbac.go:78.2,78.12 1 1
github.com/n4djib/go-rbac/rbac/rbac.go:81.66,84.41 3 1
github.com/n4djib/go-rbac/rbac/rbac.go:84.41,86.93 1 1
github.com/n4djib/go-rbac/rbac/rbac.go:86.93,88.4 1 1
github.com/n4djib/go-rbac/rbac/rbac.go:89.3,89.34 1 1
github.com/n4djib/go-rbac/rbac/rbac.go:89.34,91.4 1 1
github.com/n4djib/go-rbac/rbac/rbac.go:93.3,93.73 1 1
github.com/n4djib/go-rbac/rbac/rbac.go:93.73,95.4 1 1
github.com/n4djib/go-rbac/rbac/rbac.go:96.3,101.67 2 1
github.com/n4djib/go-rbac/rbac/rbac.go:104.2,104.12 1 1
github.com/n4djib/go-rbac/rbac/rbac.go:107.66,110.41 3 1
github.com/n4djib/go-rbac/rbac/rbac.go:110.41,112.130 1 1
github.com/n4djib/go-rbac/rbac/rbac.go:112.130,114.4 1 1
github.com/n4djib/go-rbac/rbac/rbac.go:115.3,116.18 2 1
github.com/n4djib/go-rbac/rbac/rbac.go:116.18,118.4 1 0
github.com/n4djib/go-rbac/rbac/rbac.go:119.3,120.20 2 1
github.com/n4djib/go-rbac/rbac/rbac.go:120.20,122.4 1 0
github.com/n4djib/go-rbac/rbac/rbac.go:123.3,127.83 2 1
github.com/n4djib/go-rbac/rbac/rbac.go:129.2,129.12 1 1
github.com/n4djib/go-rbac/rbac/rbac.go:132.84,135.53 3 1
github.com/n4djib/go-rbac/rbac/rbac.go:135.53,137.172 1 1
github.com/n4djib/go-rbac/rbac/rbac.go:137.172,139.4 1 1
github.com/n4djib/go-rbac/rbac/rbac.go:140.3,141.24 2 1
github.com/n4djib/go-rbac/rbac/rbac.go:141.24,143.4 1 0
github.com/n4djib/go-rbac/rbac/rbac.go:144.3,145.20 2 1
github.com/n4djib/go-rbac/rbac/rbac.go:145.20,147.4 1 1
github.com/n4djib/go-rbac/rbac/rbac.go:148.3,152.113 2 1
github.com/n4djib/go-rbac/rbac/rbac.go:154.2,154.12 1 1
github.com/n4djib/go-rbac/rbac/rbac.go:157.78,160.49 3 1
github.com/n4djib/go-rbac/rbac/rbac.go:160.49,162.158 1 1
github.com/n4djib/go-rbac/rbac/rbac.go:162.158,164.4 1 1
github.com/n4djib/go-rbac/rbac/rbac.go:165.3,166.18 2 1
github.com/n4djib/go-rbac/rbac/rbac.go:166.18,168.4 1 0
github.com/n4djib/go-rbac/rbac/rbac.go:169.3,170.24 2 1
github.com/n4djib/go-rbac/rbac/rbac.go:170.24,172.4 1 1
github.com/n4djib/go-rbac/rbac/rbac.go:173.3,177.103 2 1
github.com/n4djib/go-rbac/rbac/rbac.go:179.2,179.12 1 1
github.com/n4djib/go-rbac/rbac/rbac.go:182.59,183.37 1 1
github.com/n4djib/go-rbac/rbac/rbac.go:183.37,184.28 1 1
github.com/n4djib/go-rbac/rbac/rbac.go:184.28,186.4 1 1
github.com/n4djib/go-rbac/rbac/rbac.go:188.2,188.12 1 0
github.com/n4djib/go-rbac/rbac/rbac.go:191.77,192.43 1 1
github.com/n4djib/go-rbac/rbac/rbac.go:192.43,193.40 1 1
github.com/n4djib/go-rbac/rbac/rbac.go:193.40,195.4 1 1
github.com/n4djib/go-rbac/rbac/rbac.go:197.2,197.12 1 1
github.com/n4djib/go-rbac/rbac/rbac.go:200.48,201.37 1 1
github.com/n4djib/go-rbac/rbac/rbac.go:201.37,202.23 1 1
github.com/n4djib/go-rbac/rbac/rbac.go:202.23,204.4 1 1
github.com/n4djib/go-rbac/rbac/rbac.go:206.2,206.12 1 0
github.com/n4djib/go-rbac/rbac/rbac.go:209.60,210.43 1 1
github.com/n4djib/go-rbac/rbac/rbac.go:210.43,211.23 1 1
github.com/n4djib/go-rbac/rbac/rbac.go:211.23,213.4 1 1
github.com/n4djib/go-rbac/rbac/rbac.go:215.2,215.12 1 0
github.com/n4djib/go-rbac/rbac/rbac.go:218.56,220.43 2 1
github.com/n4djib/go-rbac/rbac/rbac.go:220.43,221.27 1 1
github.com/n4djib/go-rbac/rbac/rbac.go:221.27,223.21 2 1
github.com/n4djib/go-rbac/rbac/rbac.go:223.21,225.5 1 1
github.com/n4djib/go-rbac/rbac/rbac.go:228.2,228.16 1 1
github.com/n4djib/go-rbac/rbac/rbac.go:231.68,233.49 2 1
github.com/n4djib/go-rbac/rbac/rbac.go:233.49,234.33 1 1
github.com/n4djib/go-rbac/rbac/rbac.go:234.33,236.21 2 1
github.com/n4djib/go-rbac/rbac/rbac.go:236.21,239.23 2 1
github.com/n4djib/go-rbac/rbac/rbac.go:239.23,241.6 1 1
github.com/n4djib/go-rbac/rbac/rbac.go:245.2,245.49 1 1
github.com/n4djib/go-rbac/rbac/rbac.go:245.49,246.33 1 1
github.com/n4djib/go-rbac/rbac/rbac.go:246.33,248.21 2 1
github.com/n4djib/go-rbac/rbac/rbac.go:248.21,251.22 2 1
github.com/n4djib/go-rbac/rbac/rbac.go:251.22,253.6 1 1
github.com/n4djib/go-rbac/rbac/rbac.go:257.2,257.16 1 1
github.com/n4djib/go-rbac/rbac/rbac.go:260.60,262.47 2 1
github.com/n4djib/go-rbac/rbac/rbac.go:262.47,263.33 1 1
github.com/n4djib/go-rbac/rbac/rbac.go:263.33,265.19 2 1
github.com/n4djib/go-rbac/rbac/rbac.go:265.19,267.5 1 1
github.com/n4djib/go-rbac/rbac/rbac.go:270.2,270.14 1 1
github.com/n4djib/go-rbac/rbac/rbac.go:273.67,277.33 3 1
github.com/n4djib/go-rbac/rbac/rbac.go:277.33,278.30 1 1
github.com/n4djib/go-rbac/rbac/rbac.go:278.30,280.4 1 1
github.com/n4djib/go-rbac/rbac/rbac.go:281.3,283.34 3 1
github.com/n4djib/go-rbac/rbac/rbac.go:283.34,285.4 1 1
github.com/n4djib/go-rbac/rbac/rbac.go:287.2,287.30 1 1
github.com/n4djib/go-rbac/rbac/rbac.go:287.30,290.3 2 1
github.com/n4djib/go-rbac/rbac/rbac.go:291.2,291.14 1 1
github.com/n4djib/go-rbac/rbac/rbac.go:294.132,300.53 5 1
github.com/n4djib/go-rbac/rbac/rbac.go:300.53,301.14 1 1
github.com/n4djib/go-rbac/rbac/rbac.go:301.14,303.4 1 0
github.com/n4djib/go-rbac/rbac/rbac.go:304.3,304.47 1 1
github.com/n4djib/go-rbac/rbac/rbac.go:304.47,306.4 1 0
github.com/n4djib/go-rbac/rbac/rbac.go:308.3,311.20 4 1
github.com/n4djib/go-rbac/rbac/rbac.go:311.20,314.4 1 1
github.com/n4djib/go-rbac/rbac/rbac.go:315.3,315.17 1 1
github.com/n4djib/go-rbac/rbac/rbac.go:315.17,317.4 1 0
github.com/n4djib/go-rbac/rbac/rbac.go:318.3,318.14 1 1
github.com/n4djib/go-rbac/rbac/rbac.go:318.14,320.4 1 1
github.com/n4djib/go-rbac/rbac/rbac.go:321.3,326.30 3 1
github.com/n4djib/go-rbac/rbac/rbac.go:326.30,328.4 1 1
github.com/n4djib/go-rbac/rbac/rbac.go:330.3,332.14 3 1
github.com/n4djib/go-rbac/rbac/rbac.go:332.14,335.4 2 1
github.com/n4djib/go-rbac/rbac/rbac.go:337.3,338.34 2 1
github.com/n4djib/go-rbac/rbac/rbac.go:338.34,339.15 1 1
github.com/n4djib/go-rbac/rbac/rbac.go:339.15,341.5 1 0
github.com/n4djib/go-rbac/rbac/rbac.go:343.4,344.23 2 1
github.com/n4djib/go-rbac/rbac/rbac.go:344.23,346.5 1 0
github.com/n4djib/go-rbac/rbac/rbac.go:348.3,348.22 1 1
github.com/n4djib/go-rbac/rbac/rbac.go:351.2,352.33 2 1
github.com/n4djib/go-rbac/rbac/rbac.go:355.101,357.22 1 1
github.com/n4djib/go-rbac/rbac/rbac.go:357.22,359.3 1 1
github.com/n4djib/go-rbac/rbac/rbac.go:362.2,363.16 2 1
github.com/n4djib/go-rbac/rbac/rbac.go:363.16,365.3 1 1
github.com/n4djib/go-rbac/rbac/rbac.go:368.2,369.43 2 1
github.com/n4djib/go-rbac/rbac/rbac.go:369.43,370.40 1 1
github.com/n4djib/go-rbac/rbac/rbac.go:370.40,372.9 2 1
github.com/n4djib/go-rbac/rbac/rbac.go:376.2,376.32 1 1
github.com/n4djib/go-rbac/rbac/rbac.go:376.32,378.3 1 1
github.com/n4djib/go-rbac/rbac/rbac.go:386.2,387.30 2 1
github.com/n4djib/go-rbac/rbac/rbac.go:387.30,389.3 1 0
github.com/n4djib/go-rbac/rbac/rbac.go:391.2,392.16 2 1
github.com/n4djib/go-rbac/rbac/rbac.go:392.16,394.3 1 0
github.com/n4djib/go-rbac/rbac/rbac.go:396.2,398.14 2 1
github.com/n4djib/go-rbac/rbac/rbac.go:398.14,402.3 2 1
github.com/n4djib/go-rbac/rbac/rbac.go:406.2,406.21 1 1
github.com/n4djib/go-rbac/rbac/types.go:83.37,87.33 2 1
github.com/n4djib/go-rbac/rbac/types.go:87.33,88.37 1 1
github.com/n4djib/go-rbac/rbac/types.go:88.37,90.4 1 1
github.com/n4djib/go-rbac/rbac/types.go:93.2,93.41 1 1
github.com/n4djib/go-rbac/rbac/types.go:93.41,95.3 1 1
github.com/n4djib/go-rbac/rbac/types.go:96.2,96.12 1 1
github.com/n4djib/go-rbac/rbac/utils.go:3.62,4.32 1 1
github.com/n4djib/go-rbac/rbac/utils.go:4.32,5.28 1 1
github.com/n4djib/go-rbac/rbac/utils.go:5.28,7.4 1 1
github.com/n4djib/go-rbac/rbac/utils.go:9.2,9.14 1 1
github.com/n4djib/go-rbac/rbac/utils.go:12.80,13.47 1 1
github.com/n4djib/go-rbac/rbac/utils.go:13.47,14.30 1 1
github.com/n4djib/go-rbac/rbac/utils.go:14.30,15.35 1 1
github.com/n4djib/go-rbac/rbac/utils.go:15.35,17.5 1 1
github.com/n4djib/go-rbac/rbac/utils.go:20.2,20.14 1 1
